Watching for file changes with StatReloader
System check identified some issues:

WARNINGS:
?: (staticfiles.W004) The directory '/home/jh/Documents/ICTU/ICTU-intro_Software_Eng/LocaProConnect-WebAPP/Django/assets' in the STATICFILES_DIRS setting does not exist.

System check identified 1 issue (0 silenced).
/home/jh/Documents/ICTU/ICTU-intro_Software_Eng/LocaProConnect-WebAPP/Django/accounts/views.py changed, reloading.
Performing system checks...

December 23, 2025 - 00:43:30
Django version 5.2.9, using settings 'locapro_project.settings'
Starting development server at http://0.0.0.0:8000/
Quit the server with CONTROL-C.

WARNING: This is a development server. Do not use it in a production setting. Use a production WSGI or ASGI server instead.
For more information on production servers see: https://docs.djangoproject.com/en/5.2/howto/deployment/
Watching for file changes with StatReloader
System check identified some issues:

WARNINGS:
?: (staticfiles.W004) The directory '/home/jh/Documents/ICTU/ICTU-intro_Software_Eng/LocaProConnect-WebAPP/Django/assets' in the STATICFILES_DIRS setting does not exist.

System check identified 1 issue (0 silenced).
Forbidden (CSRF cookie not set.): /accounts/auth/
[23/Dec/2025 00:49:24] "POST /accounts/auth/ HTTP/1.1" 403 2855
/home/jh/Documents/ICTU/ICTU-intro_Software_Eng/LocaProConnect-WebAPP/Django/accounts/views.py changed, reloading.
Performing system checks...

December 23, 2025 - 00:46:04
Django version 5.2.9, using settings 'locapro_project.settings'
Starting development server at http://0.0.0.0:8000/
Quit the server with CONTROL-C.

WARNING: This is a development server. Do not use it in a production setting. Use a production WSGI or ASGI server instead.
For more information on production servers see: https://docs.djangoproject.com/en/5.2/howto/deployment/
Watching for file changes with StatReloader
System check identified some issues:

WARNINGS:
?: (staticfiles.W004) The directory '/home/jh/Documents/ICTU/ICTU-intro_Software_Eng/LocaProConnect-WebAPP/Django/assets' in the STATICFILES_DIRS setting does not exist.

System check identified 1 issue (0 silenced).
