Watching for file changes with StatReloader
System check identified some issues:

WARNINGS:
?: (staticfiles.W004) The directory '/home/jh/Documents/ICTU/ICTU-intro_Software_Eng/LocaProConnect-WebAPP/Django/assets' in the STATICFILES_DIRS setting does not exist.

System check identified 1 issue (0 silenced).
[23/Dec/2025 00:06:10] "GET /accounts/signup/user/ HTTP/1.1" 200 2196
[23/Dec/2025 00:06:20] "GET /accounts/signup/user/ HTTP/1.1" 200 2196
[23/Dec/2025 00:07:12] "GET /accounts/signup/user/ HTTP/1.1" 200 2538
Not Found: /favicon.ico
[23/Dec/2025 00:07:13] "GET /favicon.ico HTTP/1.1" 404 4846
Not Found: /favicon.ico
[23/Dec/2025 00:07:13] "GET /favicon.ico HTTP/1.1" 404 4846
[23/Dec/2025 00:07:34] "GET /accounts/signup/provider/ HTTP/1.1" 200 4698
Not Found: /favicon.ico
[23/Dec/2025 00:07:34] "GET /favicon.ico HTTP/1.1" 404 4846
[23/Dec/2025 00:07:50] "GET /accounts/signup/user/ HTTP/1.1" 200 2196
Not Found: /favicon.ico
[23/Dec/2025 00:07:50] "GET /favicon.ico HTTP/1.1" 404 4846
[23/Dec/2025 00:08:32] "POST /accounts/signup/user/ HTTP/1.1" 302 0
[23/Dec/2025 00:08:32] "GET /profile/user/ HTTP/1.1" 200 20464
Not Found: /profile/assets/css/style.css
[23/Dec/2025 00:08:32] "GET /profile/assets/css/style.css HTTP/1.1" 404 4897
[23/Dec/2025 00:08:32] "GET /api/user/profile/ HTTP/1.1" 200 321
Not Found: /favicon.ico
[23/Dec/2025 00:08:32] "GET /favicon.ico HTTP/1.1" 404 4846
[23/Dec/2025 00:12:08] "GET /accounts/signup/provider/ HTTP/1.1" 200 5043
Not Found: /favicon.ico
[23/Dec/2025 00:12:08] "GET /favicon.ico HTTP/1.1" 404 4846
[23/Dec/2025 00:15:12] "POST /accounts/signup/provider/ HTTP/1.1" 302 0
[23/Dec/2025 00:15:12] "GET /profile/provider/ HTTP/1.1" 200 22880
Not Found: /profile/assets/css/style.css
[23/Dec/2025 00:15:12] "GET /profile/assets/css/style.css HTTP/1.1" 404 4897
Not Found: /favicon.ico
[23/Dec/2025 00:15:12] "GET /api/provider/profile/ HTTP/1.1" 200 561
[23/Dec/2025 00:15:12] "GET /favicon.ico HTTP/1.1" 404 4846
[23/Dec/2025 00:16:16] "GET /profile/provider/ HTTP/1.1" 200 22880
Not Found: /profile/assets/css/style.css
[23/Dec/2025 00:16:16] "GET /profile/assets/css/style.css HTTP/1.1" 404 4897
[23/Dec/2025 00:16:16] "GET /api/provider/profile/ HTTP/1.1" 200 561
Not Found: /favicon.ico
[23/Dec/2025 00:16:16] "GET /favicon.ico HTTP/1.1" 404 4846
Performing system checks...

December 23, 2025 - 00:05:55
Django version 5.2.9, using settings 'locapro_project.settings'
Starting development server at http://0.0.0.0:8000/
Quit the server with CONTROL-C.

WARNING: This is a development server. Do not use it in a production setting. Use a production WSGI or ASGI server instead.
For more information on production servers see: https://docs.djangoproject.com/en/5.2/howto/deployment/
